#
# There is insufficient memory for the Java Runtime Environment to continue.
# Native memory allocation (malloc) failed to allocate 32744 bytes for ChunkPool::allocate
# Possible reasons:
#   The system is out of physical RAM or swap space
#   The process is running with CompressedOops enabled, and the Java Heap may be blocking the growth of the native heap
# Possible solutions:
#   Reduce memory load on the system
#   Increase physical memory or swap space
#   Check if swap backing store is full
#   Decrease Java heap size (-Xmx/-Xms)
#   Decrease number of Java threads
#   Decrease Java thread stack sizes (-Xss)
#   Set larger code cache with -XX:ReservedCodeCacheSize=
#   JVM is running with Unscaled Compressed Oops mode in which the Java heap is
#     placed in the first 4GB address space. The Java Heap base address is the
#     maximum limit for the native heap growth. Please use -XX:HeapBaseMinAddress
#     to set the Java Heap base and to place the Java Heap above 4GB virtual address.
# This output file may be truncated or incomplete.
#
#  Out of Memory Error (arena.cpp:78), pid=15860, tid=4580
#
# JRE version: OpenJDK Runtime Environment (17.0.7) (build 17.0.7+0-b2043.56-10550314)
# Java VM: OpenJDK 64-Bit Server VM (17.0.7+0-b2043.56-10550314, mixed mode, tiered, compressed oops, compressed class ptrs, g1 gc, windows-amd64)
# No core dump will be written. Minidumps are not enabled by default on client versions of Windows
#

---------------  S U M M A R Y ------------

Command Line: org.jetbrains.kotlin.cli.jvm.K2JVMCompiler @D:\dela\app\build\20240628_17642968422699940978.compiler.options

Host: Intel(R) Core(TM) i5-10210U CPU @ 1.60GHz, 8 cores, 7G,  Windows 11 , 64 bit Build 22621 (10.0.22621.3672)
Time: Fri Jun 28 09:23:13 2024  Windows 11 , 64 bit Build 22621 (10.0.22621.3672) elapsed time: 15.646365 seconds (0d 0h 0m 15s)

---------------  T H R E A D  ---------------

Current thread (0x000002a33199e9e0):  JavaThread "C2 CompilerThread0" daemon [_thread_in_native, id=4580, stack(0x000000db71d00000,0x000000db71e00000)]


Current CompileTask:
C2:  15652 6479       4       java.lang.ClassLoader::loadClass (7 bytes)

Stack: [0x000000db71d00000,0x000000db71e00000]
Native frames: (J=compiled Java code, j=interpreted, Vv=VM code, C=native code)
V  [jvm.dll+0x683bfa]
V  [jvm.dll+0x8430a4]
V  [jvm.dll+0x8449be]
V  [jvm.dll+0x845023]
V  [jvm.dll+0x24ad2f]
V  [jvm.dll+0xac47c]
V  [jvm.dll+0xac82c]
V  [jvm.dll+0x11f928]
V  [jvm.dll+0x6ad439]
V  [jvm.dll+0x1be204]
V  [jvm.dll+0x21d3a9]
V  [jvm.dll+0x21c671]
V  [jvm.dll+0x1a605d]
V  [jvm.dll+0x22c148]
V  [jvm.dll+0x22a209]
V  [jvm.dll+0x7f858c]
V  [jvm.dll+0x7f2aea]
V  [jvm.dll+0x682a35]
C  [ucrtbase.dll+0x29333]
C  [KERNEL32.DLL+0x1257d]
C  [ntdll.dll+0x5af28]


---------------  P R O C E S S  ---------------

Threads class SMR info:
_java_thread_list=0x000002a337dd0a60, length=13, elements={
0x000002a317cad160, 0x000002a331971170, 0x000002a331971fe0, 0x000002a331b04420,
0x000002a331b04fd0, 0x000002a33199c380, 0x000002a33199cc40, 0x000002a33199e9e0,
0x000002a331b2aa00, 0x000002a331b2d400, 0x000002a331c852a0, 0x000002a331c87780,
0x000002a3390e8070
}

Java Threads: ( => current thread )
  0x000002a317cad160 JavaThread "main" [_thread_blocked, id=3564, stack(0x000000db71000000,0x000000db71100000)]
  0x000002a331971170 JavaThread "Reference Handler" daemon [_thread_blocked, id=18808, stack(0x000000db71700000,0x000000db71800000)]
  0x000002a331971fe0 JavaThread "Finalizer" daemon [_thread_blocked, id=21592, stack(0x000000db71800000,0x000000db71900000)]
  0x000002a331b04420 JavaThread "Signal Dispatcher" daemon [_thread_blocked, id=22772, stack(0x000000db71900000,0x000000db71a00000)]
  0x000002a331b04fd0 JavaThread "Attach Listener" daemon [_thread_blocked, id=22964, stack(0x000000db71a00000,0x000000db71b00000)]
  0x000002a33199c380 JavaThread "Service Thread" daemon [_thread_blocked, id=21600, stack(0x000000db71b00000,0x000000db71c00000)]
  0x000002a33199cc40 JavaThread "Monitor Deflation Thread" daemon [_thread_blocked, id=13260, stack(0x000000db71c00000,0x000000db71d00000)]
=>0x000002a33199e9e0 JavaThread "C2 CompilerThread0" daemon [_thread_in_native, id=4580, stack(0x000000db71d00000,0x000000db71e00000)]
  0x000002a331b2aa00 JavaThread "C1 CompilerThread0" daemon [_thread_in_native, id=6000, stack(0x000000db71e00000,0x000000db71f00000)]
  0x000002a331b2d400 JavaThread "Sweeper thread" daemon [_thread_blocked, id=21088, stack(0x000000db71f00000,0x000000db72000000)]
  0x000002a331c852a0 JavaThread "Notification Thread" daemon [_thread_blocked, id=20136, stack(0x000000db72000000,0x000000db72100000)]
  0x000002a331c87780 JavaThread "Common-Cleaner" daemon [_thread_blocked, id=21540, stack(0x000000db72200000,0x000000db72300000)]
  0x000002a3390e8070 JavaThread "C2 CompilerThread1" daemon [_thread_blocked, id=24212, stack(0x000000db72b00000,0x000000db72c00000)]

Other Threads:
  0x000002a33196e550 VMThread "VM Thread" [stack: 0x000000db71600000,0x000000db71700000] [id=21924]
  0x000002a33190eca0 WatcherThread [stack: 0x000000db72100000,0x000000db72200000] [id=5684]
  0x000002a317d0ab60 GCTaskThread "GC Thread#0" [stack: 0x000000db71100000,0x000000db71200000] [id=2700]
  0x000002a33632e7c0 GCTaskThread "GC Thread#1" [stack: 0x000000db72300000,0x000000db72400000] [id=13284]
  0x000002a33632ea70 GCTaskThread "GC Thread#2" [stack: 0x000000db72400000,0x000000db72500000] [id=21020]
  0x000002a336342530 GCTaskThread "GC Thread#3" [stack: 0x000000db72500000,0x000000db72600000] [id=14312]
  0x000002a3363de320 GCTaskThread "GC Thread#4" [stack: 0x000000db72600000,0x000000db72700000] [id=19856]
  0x000002a3363de5d0 GCTaskThread "GC Thread#5" [stack: 0x000000db72700000,0x000000db72800000] [id=20200]
  0x000002a3365f8490 GCTaskThread "GC Thread#6" [stack: 0x000000db72800000,0x000000db72900000] [id=23372]
  0x000002a336618650 GCTaskThread "GC Thread#7" [stack: 0x000000db72900000,0x000000db72a00000] [id=8928]
  0x000002a317d1b4e0 ConcurrentGCThread "G1 Main Marker" [stack: 0x000000db71200000,0x000000db71300000] [id=12896]
  0x000002a317d1c690 ConcurrentGCThread "G1 Conc#0" [stack: 0x000000db71300000,0x000000db71400000] [id=13132]
  0x000002a336128420 ConcurrentGCThread "G1 Conc#1" [stack: 0x000000db72a00000,0x000000db72b00000] [id=21164]
  0x000002a317d6eac0 ConcurrentGCThread "G1 Refine#0" [stack: 0x000000db71400000,0x000000db71500000] [id=18796]
  0x000002a336cbfcd0 ConcurrentGCThread "G1 Refine#1" [stack: 0x000000db72c00000,0x000000db72d00000] [id=24512]
  0x000002a33693a200 ConcurrentGCThread "G1 Refine#2" [stack: 0x000000db72d00000,0x000000db72e00000] [id=9868]
  0x000002a3317d4620 ConcurrentGCThread "G1 Service" [stack: 0x000000db71500000,0x000000db71600000] [id=1000]

Threads with active compile tasks:
C2 CompilerThread0    15723 6479       4       java.lang.ClassLoader::loadClass (7 bytes)
C1 CompilerThread0    15723 6893       2       org.jetbrains.kotlin.types.AbstractTypeApproximator::approximateTo (327 bytes)
C2 CompilerThread1    15723 6936       4       org.jetbrains.kotlin.ir.types.impl.IrSimpleTypeImpl::<init> (83 bytes)

VM state: at safepoint (normal execution)

VM Mutex/Monitor currently owned by a thread:  ([mutex/lock_event])
[0x000002a317ca93e0] Threads_lock - owner thread: 0x000002a33196e550
[0x000002a317ca8c00] Heap_lock - owner thread: 0x000002a317d1b4e0

Heap address: 0x0000000082e00000, size: 2002 MB, Compressed Oops mode: 32-bit

CDS archive(s) not mapped
Compressed class space mapped at: 0x0000000100000000-0x0000000140000000, reserved size: 1073741824
Narrow klass base: 0x0000000000000000, Narrow klass shift: 3, Narrow klass range: 0x140000000

GC Precious Log:
 CPUs: 8 total, 8 available
 Memory: 8006M
 Large Page Support: Disabled
 NUMA Support: Disabled
 Compressed Oops: Enabled (32-bit)
 Heap Region Size: 1M
 Heap Min Capacity: 8M
 Heap Initial Capacity: 126M
 Heap Max Capacity: 2002M
 Pre-touch: Disabled
 Parallel Workers: 8
 Concurrent Workers: 2
 Concurrent Refinement Workers: 8
 Periodic GC: Disabled

Heap:
 garbage-first heap   total 86016K, used 51915K [0x0000000082e00000, 0x0000000100000000)
  region size 1024K, 6 young (6144K), 3 survivors (3072K)
 Metaspace       used 63048K, committed 63296K, reserved 1114112K
  class space    used 7202K, committed 7296K, reserved 1048576K

Heap Regions: E=young(eden), S=young(survivor), O=old, HS=humongous(starts), HC=humongous(continues), CS=collection set, F=free, OA=open archive, CA=closed archive, TAMS=top-at-mark-start (previous, next)
|   0|0x0000000082e00000, 0x0000000082f00000, 0x0000000082f00000|100%|HS|  |TAMS 0x0000000082f00000, 0x0000000082e00000| Complete 
|   1|0x0000000082f00000, 0x0000000083000000, 0x0000000083000000|100%|HC|  |TAMS 0x0000000083000000, 0x0000000082f00000| Complete 
|   2|0x0000000083000000, 0x0000000083100000, 0x0000000083100000|100%|HC|  |TAMS 0x0000000083100000, 0x0000000083000000| Complete 
|   3|0x0000000083100000, 0x0000000083200000, 0x0000000083200000|100%|HC|  |TAMS 0x0000000083200000, 0x0000000083100000| Complete 
|   4|0x0000000083200000, 0x0000000083300000, 0x0000000083300000|100%| O|  |TAMS 0x0000000083300000, 0x0000000083200000| Untracked 
|   5|0x0000000083300000, 0x0000000083400000, 0x0000000083400000|100%| O|  |TAMS 0x0000000083400000, 0x0000000083300000| Untracked 
|   6|0x0000000083400000, 0x0000000083500000, 0x0000000083500000|100%| O|  |TAMS 0x0000000083500000, 0x0000000083400000| Untracked 
|   7|0x0000000083500000, 0x0000000083600000, 0x0000000083600000|100%|HS|  |TAMS 0x0000000083600000, 0x0000000083500000| Complete 
|   8|0x0000000083600000, 0x0000000083700000, 0x0000000083700000|100%|HC|  |TAMS 0x0000000083700000, 0x0000000083600000| Complete 
|   9|0x0000000083700000, 0x0000000083800000, 0x0000000083800000|100%| O|  |TAMS 0x0000000083800000, 0x0000000083700000| Untracked 
|  10|0x0000000083800000, 0x0000000083846e00, 0x0000000083900000| 27%| O|  |TAMS 0x0000000083846e00, 0x0000000083800000| Updating 
|  11|0x0000000083900000, 0x0000000083a00000, 0x0000000083a00000|100%| O|  |TAMS 0x0000000083a00000, 0x0000000083900000| Untracked 
|  12|0x0000000083a00000, 0x0000000083b00000, 0x0000000083b00000|100%| O|  |TAMS 0x0000000083b00000, 0x0000000083a00000| Untracked 
|  13|0x0000000083b00000, 0x0000000083c00000, 0x0000000083c00000|100%| O|  |TAMS 0x0000000083c00000, 0x0000000083b00000| Untracked 
|  14|0x0000000083c00000, 0x0000000083d00000, 0x0000000083d00000|100%| O|  |TAMS 0x0000000083d00000, 0x0000000083c00000| Updating 
|  15|0x0000000083d00000, 0x0000000083e00000, 0x0000000083e00000|100%| O|  |TAMS 0x0000000083e00000, 0x0000000083d00000| Untracked 
|  16|0x0000000083e00000, 0x0000000083f00000, 0x0000000083f00000|100%| O|  |TAMS 0x0000000083f00000, 0x0000000083e00000| Updating 
|  17|0x0000000083f00000, 0x0000000084000000, 0x0000000084000000|100%| O|  |TAMS 0x0000000084000000, 0x0000000083f00000| Untracked 
|  18|0x0000000084000000, 0x0000000084100000, 0x0000000084100000|100%| O|  |TAMS 0x0000000084100000, 0x0000000084000000| Untracked 
|  19|0x0000000084100000, 0x0000000084200000, 0x0000000084200000|100%| O|  |TAMS 0x0000000084200000, 0x0000000084100000| Updating 
|  20|0x0000000084200000, 0x0000000084300000, 0x0000000084300000|100%| O|  |TAMS 0x0000000084300000, 0x0000000084200000| Untracked 
|  21|0x0000000084300000, 0x0000000084400000, 0x0000000084400000|100%| O|  |TAMS 0x0000000084400000, 0x0000000084300000| Untracked 
|  22|0x0000000084400000, 0x0000000084500000, 0x0000000084500000|100%| O|  |TAMS 0x0000000084500000, 0x0000000084400000| Untracked 
|  23|0x0000000084500000, 0x0000000084600000, 0x0000000084600000|100%| O|  |TAMS 0x0000000084600000, 0x0000000084500000| Untracked 
|  24|0x0000000084600000, 0x0000000084700000, 0x0000000084700000|100%| O|  |TAMS 0x0000000084700000, 0x0000000084600000| Updating 
|  25|0x0000000084700000, 0x0000000084800000, 0x0000000084800000|100%| O|  |TAMS 0x0000000084800000, 0x0000000084700000| Updating 
|  26|0x0000000084800000, 0x0000000084900000, 0x0000000084900000|100%| O|  |TAMS 0x0000000084900000, 0x0000000084800000| Untracked 
|  27|0x0000000084900000, 0x0000000084a00000, 0x0000000084a00000|100%| O|  |TAMS 0x0000000084a00000, 0x0000000084900000| Untracked 
|  28|0x0000000084a00000, 0x0000000084b00000, 0x0000000084b00000|100%| O|  |TAMS 0x0000000084b00000, 0x0000000084a00000| Untracked 
|  29|0x0000000084b00000, 0x0000000084c00000, 0x0000000084c00000|100%| O|  |TAMS 0x0000000084c00000, 0x0000000084b00000| Untracked 
|  30|0x0000000084c00000, 0x0000000084d00000, 0x0000000084d00000|100%| O|  |TAMS 0x0000000084d00000, 0x0000000084c00000| Untracked 
|  31|0x0000000084d00000, 0x0000000084e00000, 0x0000000084e00000|100%| O|  |TAMS 0x0000000084e00000, 0x0000000084d00000| Untracked 
|  32|0x0000000084e00000, 0x0000000084f00000, 0x0000000084f00000|100%| O|  |TAMS 0x0000000084f00000, 0x0000000084e00000| Untracked 
|  33|0x0000000084f00000, 0x0000000085000000, 0x0000000085000000|100%| O|  |TAMS 0x0000000085000000, 0x0000000084f00000| Updating 
|  34|0x0000000085000000, 0x0000000085100000, 0x0000000085100000|100%| O|  |TAMS 0x0000000085100000, 0x0000000085000000| Updating 
|  35|0x0000000085100000, 0x0000000085200000, 0x0000000085200000|100%| O|  |TAMS 0x0000000085200000, 0x0000000085100000| Untracked 
|  36|0x0000000085200000, 0x0000000085300000, 0x0000000085300000|100%| O|  |TAMS 0x0000000085300000, 0x0000000085200000| Untracked 
|  37|0x0000000085300000, 0x0000000085400000, 0x0000000085400000|100%| O|  |TAMS 0x0000000085400000, 0x0000000085300000| Untracked 
|  38|0x0000000085400000, 0x0000000085500000, 0x0000000085500000|100%| O|  |TAMS 0x0000000085500000, 0x0000000085400000| Untracked 
|  39|0x0000000085500000, 0x0000000085600000, 0x0000000085600000|100%| O|  |TAMS 0x0000000085600000, 0x0000000085500000| Updating 
|  40|0x0000000085600000, 0x0000000085700000, 0x0000000085700000|100%| O|  |TAMS 0x0000000085700000, 0x0000000085600000| Untracked 
|  41|0x0000000085700000, 0x0000000085800000, 0x0000000085800000|100%| O|  |TAMS 0x0000000085800000, 0x0000000085700000| Untracked 
|  42|0x0000000085800000, 0x0000000085900000, 0x0000000085900000|100%| O|  |TAMS 0x0000000085800000, 0x0000000085800000| Untracked 
|  43|0x0000000085900000, 0x0000000085a00000, 0x0000000085a00000|100%| O|  |TAMS 0x0000000085900000, 0x0000000085900000| Untracked 
|  44|0x0000000085a00000, 0x0000000085b00000, 0x0000000085b00000|100%| O|  |TAMS 0x0000000085a00000, 0x0000000085a00000| Untracked 
|  45|0x0000000085b00000, 0x0000000085b6c000, 0x0000000085c00000| 42%| O|  |TAMS 0x0000000085b00000, 0x0000000085b00000| Updating 
|  46|0x0000000085c00000, 0x0000000085c00000, 0x0000000085d00000|  0%| F|  |TAMS 0x0000000085c00000, 0x0000000085c00000| Untracked 
|  47|0x0000000085d00000, 0x0000000085d00000, 0x0000000085e00000|  0%| F|  |TAMS 0x0000000085d00000, 0x0000000085d00000| Untracked 
|  48|0x0000000085e00000, 0x0000000085e00000, 0x0000000085f00000|  0%| F|  |TAMS 0x0000000085e00000, 0x0000000085e00000| Untracked 
|  49|0x0000000085f00000, 0x0000000085f00000, 0x0000000086000000|  0%| F|  |TAMS 0x0000000085f00000, 0x0000000085f00000| Untracked 
|  50|0x0000000086000000, 0x0000000086000000, 0x0000000086100000|  0%| F|  |TAMS 0x0000000086000000, 0x0000000086000000| Untracked 
|  51|0x0000000086100000, 0x0000000086100000, 0x0000000086200000|  0%| F|  |TAMS 0x0000000086100000, 0x0000000086100000| Untracked 
|  52|0x0000000086200000, 0x0000000086200000, 0x0000000086300000|  0%| F|  |TAMS 0x0000000086200000, 0x0000000086200000| Untracked 
|  53|0x0000000086300000, 0x0000000086300000, 0x0000000086400000|  0%| F|  |TAMS 0x0000000086300000, 0x0000000086300000| Untracked 
|  54|0x0000000086400000, 0x0000000086400000, 0x0000000086500000|  0%| F|  |TAMS 0x0000000086400000, 0x0000000086400000| Untracked 
|  55|0x0000000086500000, 0x0000000086500000, 0x0000000086600000|  0%| F|  |TAMS 0x0000000086500000, 0x0000000086500000| Untracked 
|  56|0x0000000086600000, 0x0000000086600000, 0x0000000086700000|  0%| F|  |TAMS 0x0000000086600000, 0x0000000086600000| Untracked 
|  57|0x0000000086700000, 0x0000000086800000, 0x0000000086800000|100%| S|CS|TAMS 0x0000000086700000, 0x0000000086700000| Complete 
|  58|0x0000000086800000, 0x0000000086900000, 0x0000000086900000|100%| S|CS|TAMS 0x0000000086800000, 0x0000000086800000| Complete 
|  59|0x0000000086900000, 0x0000000086a00000, 0x0000000086a00000|100%| S|CS|TAMS 0x0000000086900000, 0x0000000086900000| Complete 
|  60|0x0000000086a00000, 0x0000000086a00000, 0x0000000086b00000|  0%| F|  |TAMS 0x0000000086a00000, 0x0000000086a00000| Untracked 
|  61|0x0000000086b00000, 0x0000000086b00000, 0x0000000086c00000|  0%| F|  |TAMS 0x0000000086b00000, 0x0000000086b00000| Untracked 
|  62|0x0000000086c00000, 0x0000000086c00000, 0x0000000086d00000|  0%| F|  |TAMS 0x0000000086c00000, 0x0000000086c00000| Untracked 
|  63|0x0000000086d00000, 0x0000000086d00000, 0x0000000086e00000|  0%| F|  |TAMS 0x0000000086d00000, 0x0000000086d00000| Untracked 
|  64|0x0000000086e00000, 0x0000000086e00000, 0x0000000086f00000|  0%| F|  |TAMS 0x0000000086e00000, 0x0000000086e00000| Untracked 
|  65|0x0000000086f00000, 0x0000000086f00000, 0x0000000087000000|  0%| F|  |TAMS 0x0000000086f00000, 0x0000000086f00000| Untracked 
|  66|0x0000000087000000, 0x0000000087000000, 0x0000000087100000|  0%| F|  |TAMS 0x0000000087000000, 0x0000000087000000| Untracked 
|  67|0x0000000087100000, 0x0000000087100000, 0x0000000087200000|  0%| F|  |TAMS 0x0000000087100000, 0x0000000087100000| Untracked 
|  68|0x0000000087200000, 0x0000000087200000, 0x0000000087300000|  0%| F|  |TAMS 0x0000000087200000, 0x0000000087200000| Untracked 
|  69|0x0000000087300000, 0x0000000087300000, 0x0000000087400000|  0%| F|  |TAMS 0x0000000087300000, 0x0000000087300000| Untracked 
|  70|0x0000000087400000, 0x0000000087400000, 0x0000000087500000|  0%| F|  |TAMS 0x0000000087400000, 0x0000000087400000| Untracked 
|  71|0x0000000087500000, 0x0000000087500000, 0x0000000087600000|  0%| F|  |TAMS 0x0000000087500000, 0x0000000087500000| Untracked 
|  72|0x0000000087600000, 0x0000000087600000, 0x0000000087700000|  0%| F|  |TAMS 0x0000000087600000, 0x0000000087600000| Untracked 
|  73|0x0000000087700000, 0x0000000087700000, 0x0000000087800000|  0%| F|  |TAMS 0x0000000087700000, 0x0000000087700000| Untracked 
|  74|0x0000000087800000, 0x0000000087800000, 0x0000000087900000|  0%| F|  |TAMS 0x0000000087800000, 0x0000000087800000| Untracked 
|  75|0x0000000087900000, 0x0000000087900000, 0x0000000087a00000|  0%| F|  |TAMS 0x0000000087900000, 0x0000000087900000| Untracked 
|  76|0x0000000087a00000, 0x0000000087a00000, 0x0000000087b00000|  0%| F|  |TAMS 0x0000000087a00000, 0x0000000087a00000| Untracked 
|  77|0x0000000087b00000, 0x0000000087b00000, 0x0000000087c00000|  0%| F|  |TAMS 0x0000000087b00000, 0x0000000087b00000| Untracked 
|  78|0x0000000087c00000, 0x0000000087c00000, 0x0000000087d00000|  0%| F|  |TAMS 0x0000000087c00000, 0x0000000087c00000| Untracked 
|  79|0x0000000087d00000, 0x0000000087d00000, 0x0000000087e00000|  0%| F|  |TAMS 0x0000000087d00000, 0x0000000087d00000| Untracked 
|  80|0x0000000087e00000, 0x0000000087eb7890, 0x0000000087f00000| 71%| E|  |TAMS 0x0000000087e00000, 0x0000000087e00000| Complete 
|  81|0x0000000087f00000, 0x0000000088000000, 0x0000000088000000|100%| E|CS|TAMS 0x0000000087f00000, 0x0000000087f00000| Complete 
| 125|0x000000008ab00000, 0x000000008ac00000, 0x000000008ac00000|100%| E|CS|TAMS 0x000000008ab00000, 0x000000008ab00000| Complete 
|2001|0x00000000fff00000, 0x0000000100000000, 0x0000000100000000|100%| O|  |TAMS 0x0000000100000000, 0x00000000fff00000| Untracked 

Card table byte_map: [0x000002a32a8a0000,0x000002a32ac90000] _byte_map_base: 0x000002a32a489000

Marking Bits (Prev, Next): (CMBitMap*) 0x000002a317d0b170, (CMBitMap*) 0x000002a317d0b1b0
 Prev Bits: [0x000002a32b080000, 0x000002a32cfc8000)
 Next Bits: [0x000002a32cfd0000, 0x000002a32ef18000)

Polling page: 0x000002a317470000

Metaspace:

Usage:
  Non-class:     54.54 MB used.
      Class:      7.03 MB used.
       Both:     61.57 MB used.

Virtual space:
  Non-class space:       64.00 MB reserved,      54.69 MB ( 85%) committed,  1 nodes.
      Class space:        1.00 GB reserved,       7.12 MB ( <1%) committed,  1 nodes.
             Both:        1.06 GB reserved,      61.81 MB (  6%) committed. 

Chunk freelists:
   Non-Class:  8.47 MB
       Class:  8.83 MB
        Both:  17.30 MB

MaxMetaspaceSize: unlimited
CompressedClassSpaceSize: 1.00 GB
Initial GC threshold: 21.00 MB
Current GC threshold: 91.56 MB
CDS: off
MetaspaceReclaimPolicy: balanced
 - commit_granule_bytes: 65536.
 - commit_granule_words: 8192.
 - virtual_space_node_default_size: 8388608.
 - enlarge_chunks_in_place: 1.
 - new_chunks_are_fully_committed: 0.
 - uncommit_free_chunks: 1.
 - use_allocation_guard: 0.
 - handle_deallocations: 1.


Internal statistics:

num_allocs_failed_limit: 3.
num_arena_births: 202.
num_arena_deaths: 0.
num_vsnodes_births: 2.
num_vsnodes_deaths: 0.
num_space_committed: 987.
num_space_uncommitted: 0.
num_chunks_returned_to_freelist: 3.
num_chunks_taken_from_freelist: 2084.
num_chunk_merges: 3.
num_chunk_splits: 1781.
num_chunks_enlarged: 1642.
num_inconsistent_stats: 0.

CodeHeap 'non-profiled nmethods': size=120000Kb used=2964Kb max_used=2964Kb free=117035Kb
 bounds [0x000002a322c50000, 0x000002a322f40000, 0x000002a32a180000]
CodeHeap 'profiled nmethods': size=120000Kb used=15605Kb max_used=15605Kb free=104395Kb
 bounds [0x000002a31b180000, 0x000002a31c0d0000, 0x000002a3226b0000]
CodeHeap 'non-nmethods': size=5760Kb used=1377Kb max_used=1452Kb free=4382Kb
 bounds [0x000002a3226b0000, 0x000002a322920000, 0x000002a322c50000]
 total_blobs=6726 nmethods=6022 adapters=614
 compilation: enabled
              stopped_count=0, restarted_count=0
 full_count=0

Compilation events (20 events):
Event: 15.511 Thread 0x000002a331b2aa00 nmethod 6878 0x000002a31c0b8e10 code [0x000002a31c0b9000, 0x000002a31c0b92c8]
Event: 15.511 Thread 0x000002a331b2aa00 6880       2       org.jetbrains.kotlin.types.AbstractTypeChecker::effectiveVariance (41 bytes)
Event: 15.511 Thread 0x000002a331b2aa00 nmethod 6880 0x000002a31c0b9490 code [0x000002a31c0b96c0, 0x000002a31c0b9bb8]
Event: 15.511 Thread 0x000002a331b2aa00 6879       2       org.jetbrains.kotlin.types.AbstractTypeApproximator::getVariance (18 bytes)
Event: 15.512 Thread 0x000002a331b2aa00 nmethod 6879 0x000002a31c0b9e90 code [0x000002a31c0ba080, 0x000002a31c0ba348]
Event: 15.512 Thread 0x000002a331b2aa00 6881       2       org.jetbrains.kotlin.types.AlternativeTypeSubstitutionKt$substituteAlternativesInPublicType$substitutor$1::substituteNotNullTypeWithConstructor (41 bytes)
Event: 15.512 Thread 0x000002a331b2aa00 nmethod 6881 0x000002a31c0ba510 code [0x000002a31c0ba760, 0x000002a31c0bacc8]
Event: 15.514 Thread 0x000002a331b2aa00 6882       2       org.jetbrains.kotlin.ir.declarations.lazy.IrLazyFunctionBase$createReturnType$1::invoke (28 bytes)
Event: 15.514 Thread 0x000002a331b2aa00 nmethod 6882 0x000002a31c0bb090 code [0x000002a31c0bb280, 0x000002a31c0bb578]
Event: 15.516 Thread 0x000002a331b2aa00 6883       2       org.jetbrains.kotlin.resolve.calls.components.ClassicTypeSystemContextForCS::isIntegerLiteralConstantTypeConstructor (6 bytes)
Event: 15.517 Thread 0x000002a331b2aa00 nmethod 6883 0x000002a31c0bb790 code [0x000002a31c0bb980, 0x000002a31c0bbc48]
Event: 15.517 Thread 0x000002a331b2aa00 6887       2       org.jetbrains.kotlin.types.checker.ClassicTypeSystemContext$DefaultImpls::getVariance (87 bytes)
Event: 15.518 Thread 0x000002a331b2aa00 nmethod 6887 0x000002a31c0bbe90 code [0x000002a31c0bc140, 0x000002a31c0bc828]
Event: 15.518 Thread 0x000002a331b2aa00 6889       2       org.jetbrains.kotlin.types.AbstractTypeApproximator$referenceApproximateToSuperType$1::invoke (20 bytes)
Event: 15.518 Thread 0x000002a331b2aa00 nmethod 6889 0x000002a31c0bcc90 code [0x000002a31c0bcee0, 0x000002a31c0bd478]
Event: 15.518 Thread 0x000002a331b2aa00 6894       2       org.jetbrains.kotlin.types.AbstractTypeApproximator::approximateToSuperType (258 bytes)
Event: 15.522 Thread 0x000002a331b2aa00 nmethod 6894 0x000002a31c0bd810 code [0x000002a31c0bdd60, 0x000002a31c0bf608]
Event: 15.522 Thread 0x000002a331b2aa00 6892       2       org.jetbrains.kotlin.types.AbstractTypeApproximator::approximateSimpleToSuperType (9 bytes)
Event: 15.522 Thread 0x000002a331b2aa00 nmethod 6892 0x000002a31c0c0690 code [0x000002a31c0c0820, 0x000002a31c0c0948]
Event: 15.522 Thread 0x000002a331b2aa00 6893       2       org.jetbrains.kotlin.types.AbstractTypeApproximator::approximateTo (327 bytes)

GC Heap History (20 events):
Event: 9.348 GC heap before
{Heap before GC invocations=12 (full 0):
 garbage-first heap   total 55296K, used 41114K [0x0000000082e00000, 0x0000000100000000)
  region size 1024K, 22 young (22528K), 4 survivors (4096K)
 Metaspace       used 41561K, committed 41792K, reserved 1114112K
  class space    used 5038K, committed 5120K, reserved 1048576K
}
Event: 9.368 GC heap after
{Heap after GC invocations=13 (full 0):
 garbage-first heap   total 55296K, used 27179K [0x0000000082e00000, 0x0000000100000000)
  region size 1024K, 3 young (3072K), 3 survivors (3072K)
 Metaspace       used 41561K, committed 41792K, reserved 1114112K
  class space    used 5038K, committed 5120K, reserved 1048576K
}
Event: 9.507 GC heap before
{Heap before GC invocations=13 (full 0):
 garbage-first heap   total 55296K, used 40491K [0x0000000082e00000, 0x0000000100000000)
  region size 1024K, 16 young (16384K), 3 survivors (3072K)
 Metaspace       used 41685K, committed 41984K, reserved 1114112K
  class space    used 5046K, committed 5184K, reserved 1048576K
}
Event: 9.519 GC heap after
{Heap after GC invocations=14 (full 0):
 garbage-first heap   total 66560K, used 27603K [0x0000000082e00000, 0x0000000100000000)
  region size 1024K, 2 young (2048K), 2 survivors (2048K)
 Metaspace       used 41685K, committed 41984K, reserved 1114112K
  class space    used 5046K, committed 5184K, reserved 1048576K
}
Event: 10.847 GC heap before
{Heap before GC invocations=15 (full 0):
 garbage-first heap   total 66560K, used 48083K [0x0000000082e00000, 0x0000000100000000)
  region size 1024K, 22 young (22528K), 2 survivors (2048K)
 Metaspace       used 44537K, committed 44736K, reserved 1114112K
  class space    used 5305K, committed 5376K, reserved 1048576K
}
Event: 10.864 GC heap after
{Heap after GC invocations=16 (full 0):
 garbage-first heap   total 66560K, used 30438K [0x0000000082e00000, 0x0000000100000000)
  region size 1024K, 3 young (3072K), 3 survivors (3072K)
 Metaspace       used 44537K, committed 44736K, reserved 1114112K
  class space    used 5305K, committed 5376K, reserved 1048576K
}
Event: 11.492 GC heap before
{Heap before GC invocations=16 (full 0):
 garbage-first heap   total 66560K, used 49894K [0x0000000082e00000, 0x0000000100000000)
  region size 1024K, 22 young (22528K), 3 survivors (3072K)
 Metaspace       used 45012K, committed 45248K, reserved 1114112K
  class space    used 5318K, committed 5440K, reserved 1048576K
}
Event: 11.510 GC heap after
{Heap after GC invocations=17 (full 0):
 garbage-first heap   total 66560K, used 34205K [0x0000000082e00000, 0x0000000100000000)
  region size 1024K, 3 young (3072K), 3 survivors (3072K)
 Metaspace       used 45012K, committed 45248K, reserved 1114112K
  class space    used 5318K, committed 5440K, reserved 1048576K
}
Event: 11.871 GC heap before
{Heap before GC invocations=17 (full 0):
 garbage-first heap   total 66560K, used 49565K [0x0000000082e00000, 0x0000000100000000)
  region size 1024K, 18 young (18432K), 3 survivors (3072K)
 Metaspace       used 45549K, committed 45824K, reserved 1114112K
  class space    used 5366K, committed 5440K, reserved 1048576K
}
Event: 11.885 GC heap after
{Heap after GC invocations=18 (full 0):
 garbage-first heap   total 66560K, used 37031K [0x0000000082e00000, 0x0000000100000000)
  region size 1024K, 3 young (3072K), 3 survivors (3072K)
 Metaspace       used 45549K, committed 45824K, reserved 1114112K
  class space    used 5366K, committed 5440K, reserved 1048576K
}
Event: 12.191 GC heap before
{Heap before GC invocations=19 (full 0):
 garbage-first heap   total 71680K, used 49319K [0x0000000082e00000, 0x0000000100000000)
  region size 1024K, 16 young (16384K), 3 survivors (3072K)
 Metaspace       used 47822K, committed 48064K, reserved 1114112K
  class space    used 5646K, committed 5760K, reserved 1048576K
}
Event: 12.200 GC heap after
{Heap after GC invocations=20 (full 0):
 garbage-first heap   total 71680K, used 36704K [0x0000000082e00000, 0x0000000100000000)
  region size 1024K, 1 young (1024K), 1 survivors (1024K)
 Metaspace       used 47822K, committed 48064K, reserved 1114112K
  class space    used 5646K, committed 5760K, reserved 1048576K
}
Event: 12.849 GC heap before
{Heap before GC invocations=20 (full 0):
 garbage-first heap   total 71680K, used 55136K [0x0000000082e00000, 0x0000000100000000)
  region size 1024K, 19 young (19456K), 1 survivors (1024K)
 Metaspace       used 49259K, committed 49472K, reserved 1114112K
  class space    used 5804K, committed 5888K, reserved 1048576K
}
Event: 12.856 GC heap after
{Heap after GC invocations=21 (full 0):
 garbage-first heap   total 71680K, used 38596K [0x0000000082e00000, 0x0000000100000000)
  region size 1024K, 3 young (3072K), 3 survivors (3072K)
 Metaspace       used 49259K, committed 49472K, reserved 1114112K
  class space    used 5804K, committed 5888K, reserved 1048576K
}
Event: 13.754 GC heap before
{Heap before GC invocations=22 (full 0):
 garbage-first heap   total 71680K, used 56004K [0x0000000082e00000, 0x0000000100000000)
  region size 1024K, 20 young (20480K), 3 survivors (3072K)
 Metaspace       used 51946K, committed 52224K, reserved 1114112K
  class space    used 6086K, committed 6208K, reserved 1048576K
}
Event: 13.770 GC heap after
{Heap after GC invocations=23 (full 0):
 garbage-first heap   total 86016K, used 41319K [0x0000000082e00000, 0x0000000100000000)
  region size 1024K, 3 young (3072K), 3 survivors (3072K)
 Metaspace       used 51946K, committed 52224K, reserved 1114112K
  class space    used 6086K, committed 6208K, reserved 1048576K
}
Event: 14.487 GC heap before
{Heap before GC invocations=23 (full 0):
 garbage-first heap   total 86016K, used 63847K [0x0000000082e00000, 0x0000000100000000)
  region size 1024K, 26 young (26624K), 3 survivors (3072K)
 Metaspace       used 55901K, committed 56128K, reserved 1114112K
  class space    used 6449K, committed 6528K, reserved 1048576K
}
Event: 14.503 GC heap after
{Heap after GC invocations=24 (full 0):
 garbage-first heap   total 86016K, used 43590K [0x0000000082e00000, 0x0000000100000000)
  region size 1024K, 3 young (3072K), 3 survivors (3072K)
 Metaspace       used 55901K, committed 56128K, reserved 1114112K
  class space    used 6449K, committed 6528K, reserved 1048576K
}
Event: 15.254 GC heap before
{Heap before GC invocations=25 (full 0):
 garbage-first heap   total 86016K, used 66118K [0x0000000082e00000, 0x0000000100000000)
  region size 1024K, 25 young (25600K), 3 survivors (3072K)
 Metaspace       used 60456K, committed 60736K, reserved 1114112K
  class space    used 6924K, committed 7040K, reserved 1048576K
}
Event: 15.264 GC heap after
{Heap after GC invocations=26 (full 0):
 garbage-first heap   total 86016K, used 45339K [0x0000000082e00000, 0x0000000100000000)
  region size 1024K, 2 young (2048K), 2 survivors (2048K)
 Metaspace       used 60456K, committed 60736K, reserved 1114112K
  class space    used 6924K, committed 7040K, reserved 1048576K
}

Dll operation events (2 events):
Event: 0.089 Loaded shared library D:\Android\jbr\bin\java.dll
Event: 5.524 Loaded shared library D:\Android\jbr\bin\verify.dll

Deoptimization events (20 events):
Event: 14.916 Thread 0x000002a317cad160 DEOPT PACKING pc=0x000002a31bb8c64c sp=0x000000db710fddd0
Event: 14.916 Thread 0x000002a317cad160 DEOPT UNPACKING pc=0x000002a322707143 sp=0x000000db710fd268 mode 0
Event: 15.120 Thread 0x000002a317cad160 Uncommon trap: trap_request=0xffffff45 fr.pc=0x000002a322e11ae8 relative=0x0000000000000888
Event: 15.120 Thread 0x000002a317cad160 Uncommon trap: reason=unstable_if action=reinterpret pc=0x000002a322e11ae8 method=org.jetbrains.kotlin.descriptors.impl.FunctionDescriptorImpl.isOperator()Z @ 49 c2
Event: 15.120 Thread 0x000002a317cad160 DEOPT PACKING pc=0x000002a322e11ae8 sp=0x000000db710f9430
Event: 15.120 Thread 0x000002a317cad160 DEOPT UNPACKING pc=0x000002a3227069a3 sp=0x000000db710f93d0 mode 2
Event: 15.131 Thread 0x000002a317cad160 DEOPT PACKING pc=0x000002a31bf72554 sp=0x000000db710fcef0
Event: 15.131 Thread 0x000002a317cad160 DEOPT UNPACKING pc=0x000002a322707143 sp=0x000000db710fc3e8 mode 0
Event: 15.270 Thread 0x000002a317cad160 Uncommon trap: trap_request=0xffffff45 fr.pc=0x000002a322eac5b0 relative=0x0000000000000210
Event: 15.270 Thread 0x000002a317cad160 Uncommon trap: reason=unstable_if action=reinterpret pc=0x000002a322eac5b0 method=kotlin.sequences.FilteringSequence$iterator$1.hasNext()Z @ 5 c2
Event: 15.270 Thread 0x000002a317cad160 DEOPT PACKING pc=0x000002a322eac5b0 sp=0x000000db710fc220
Event: 15.270 Thread 0x000002a317cad160 DEOPT UNPACKING pc=0x000002a3227069a3 sp=0x000000db710fc1e0 mode 2
Event: 15.301 Thread 0x000002a317cad160 Uncommon trap: trap_request=0xffffff45 fr.pc=0x000002a322d11a58 relative=0x00000000000002b8
Event: 15.301 Thread 0x000002a317cad160 Uncommon trap: reason=unstable_if action=reinterpret pc=0x000002a322d11a58 method=java.util.HashMap.hash(Ljava/lang/Object;)I @ 1 c2
Event: 15.301 Thread 0x000002a317cad160 DEOPT PACKING pc=0x000002a322d11a58 sp=0x000000db710fc210
Event: 15.301 Thread 0x000002a317cad160 DEOPT UNPACKING pc=0x000002a3227069a3 sp=0x000000db710fc0a8 mode 2
Event: 15.357 Thread 0x000002a317cad160 Uncommon trap: trap_request=0xffffffde fr.pc=0x000002a322ec539c relative=0x000000000000147c
Event: 15.357 Thread 0x000002a317cad160 Uncommon trap: reason=class_check action=maybe_recompile pc=0x000002a322ec539c method=org.jetbrains.kotlin.serialization.deserialization.descriptors.DeserializedMemberScope.getContributedClassifier(Lorg/jetbrains/kotlin/name/Name;Lorg/jetbrains/kotlin/inc
Event: 15.357 Thread 0x000002a317cad160 DEOPT PACKING pc=0x000002a322ec539c sp=0x000000db710fc7c0
Event: 15.357 Thread 0x000002a317cad160 DEOPT UNPACKING pc=0x000002a3227069a3 sp=0x000000db710fc798 mode 2

Classes unloaded (0 events):
No events

Classes redefined (0 events):
No events

Internal exceptions (20 events):
Event: 7.061 Thread 0x000002a317cad160 Exception <a 'java/lang/NoSuchMethodError'{0x000000008abd47f0}: 'java.lang.Object java.lang.invoke.DirectMethodHandle$Holder.invokeVirtual(java.lang.Object, java.lang.Object, java.lang.Object)'> (0x000000008abd47f0) 
thrown [s\src\hotspot\share\interpreter\linkResolver.cpp, line 771]
Event: 8.399 Thread 0x000002a317cad160 Exception <a 'java/lang/NoSuchMethodError'{0x0000000085d4fc08}: 'java.lang.Object java.lang.invoke.DirectMethodHandle$Holder.newInvokeSpecial(java.lang.Object, java.lang.Object, java.lang.Object, int)'> (0x0000000085d4fc08) 
thrown [s\src\hotspot\share\interpreter\linkResolver.cpp, line 771]
Event: 8.399 Thread 0x000002a317cad160 Exception <a 'java/lang/NoSuchMethodError'{0x0000000085d54290}: 'java.lang.Object java.lang.invoke.DirectMethodHandle$Holder.invokeSpecial(java.lang.Object, java.lang.Object, java.lang.Object, java.lang.Object, int)'> (0x0000000085d54290) 
thrown [s\src\hotspot\share\interpreter\linkResolver.cpp, line 771]
Event: 8.400 Thread 0x000002a317cad160 Exception <a 'java/lang/NoSuchMethodError'{0x0000000085d58100}: 'java.lang.Object java.lang.invoke.Invokers$Holder.linkToTargetMethod(java.lang.Object, java.lang.Object, int, java.lang.Object)'> (0x0000000085d58100) 
thrown [s\src\hotspot\share\interpreter\linkResolver.cpp, line 771]
Event: 8.695 Thread 0x000002a317cad160 Exception <a 'java/lang/NoSuchMethodError'{0x00000000855ad0f8}: 'java.lang.Object java.lang.invoke.DirectMethodHandle$Holder.newInvokeSpecial(java.lang.Object, java.lang.Object, int)'> (0x00000000855ad0f8) 
thrown [s\src\hotspot\share\interpreter\linkResolver.cpp, line 771]
Event: 10.141 Thread 0x000002a317cad160 Exception <a 'java/lang/NoSuchMethodError'{0x00000000867512b0}: 'java.lang.Object java.lang.invoke.DirectMethodHandle$Holder.newInvokeSpecial(java.lang.Object, int, java.lang.Object)'> (0x00000000867512b0) 
thrown [s\src\hotspot\share\interpreter\linkResolver.cpp, line 771]
Event: 10.142 Thread 0x000002a317cad160 Exception <a 'java/lang/NoSuchMethodError'{0x0000000086757898}: 'int java.lang.invoke.DirectMethodHandle$Holder.invokeInterface(java.lang.Object, java.lang.Object)'> (0x0000000086757898) 
thrown [s\src\hotspot\share\interpreter\linkResolver.cpp, line 771]
Event: 11.323 Thread 0x000002a317cad160 Implicit null exception at 0x000002a322d5fef1 to 0x000002a322d60100
Event: 11.323 Thread 0x000002a317cad160 Implicit null exception at 0x000002a322cfe20f to 0x000002a322cfe289
Event: 11.952 Thread 0x000002a317cad160 Exception <a 'java/lang/NoSuchMethodError'{0x000000008711f7b0}: 'java.lang.Object java.lang.invoke.DirectMethodHandle$Holder.newInvokeSpecial(java.lang.Object, java.lang.Object, java.lang.Object, java.lang.Object, java.lang.Object)'> (0x000000008711f7b0) 
thrown [s\src\hotspot\share\interpreter\linkResolver.cpp, line 771]
Event: 12.080 Thread 0x000002a317cad160 Exception <a 'java/lang/NoSuchMethodError'{0x0000000086db7af0}: 'java.lang.Object java.lang.invoke.DirectMethodHandle$Holder.newInvokeSpecial(java.lang.Object, java.lang.Object, java.lang.Object, java.lang.Object, java.lang.Object, java.lang.Object)'> (0x0000000086db7af0) 
thrown [s\src\hotspot\share\interpreter\linkResolver.cpp, line 771]
Event: 12.366 Thread 0x000002a317cad160 Implicit null exception at 0x000002a322d9d24c to 0x000002a322d9d340
Event: 13.251 Thread 0x000002a317cad160 Exception <a 'java/lang/NoSuchMethodError'{0x0000000086f520e0}: 'java.lang.Object java.lang.invoke.DirectMethodHandle$Holder.invokeInterface(java.lang.Object, java.lang.Object, java.lang.Object)'> (0x0000000086f520e0) 
thrown [s\src\hotspot\share\interpreter\linkResolver.cpp, line 771]
Event: 13.252 Thread 0x000002a317cad160 Exception <a 'java/lang/IncompatibleClassChangeError'{0x0000000086f55fa0}: Found class java.lang.Object, but interface was expected> (0x0000000086f55fa0) 
thrown [s\src\hotspot\share\interpreter\linkResolver.cpp, line 838]
Event: 13.265 Thread 0x000002a317cad160 Exception <a 'java/lang/NoSuchMethodError'{0x0000000086f8ddb0}: 'int java.lang.invoke.DirectMethodHandle$Holder.invokeStaticInit(java.lang.Object, int)'> (0x0000000086f8ddb0) 
thrown [s\src\hotspot\share\interpreter\linkResolver.cpp, line 771]
Event: 14.127 Thread 0x000002a317cad160 Exception <a 'java/lang/NoSuchMethodError'{0x000000008738a968}: 'java.lang.Object java.lang.invoke.DirectMethodHandle$Holder.newInvokeSpecial(java.lang.Object, java.lang.Object, java.lang.Object, int, int)'> (0x000000008738a968) 
thrown [s\src\hotspot\share\interpreter\linkResolver.cpp, line 771]
Event: 14.128 Thread 0x000002a317cad160 Exception <a 'java/lang/NoSuchMethodError'{0x000000008738e7a8}: 'java.lang.Object java.lang.invoke.DirectMethodHandle$Holder.invokeSpecial(java.lang.Object, java.lang.Object, java.lang.Object, java.lang.Object, int, int)'> (0x000000008738e7a8) 
thrown [s\src\hotspot\share\interpreter\linkResolver.cpp, line 771]
Event: 14.671 Thread 0x000002a317cad160 Exception <a 'java/lang/NoSuchMethodError'{0x0000000087fe9698}: 'java.lang.Object java.lang.invoke.DirectMethodHandle$Holder.invokeStatic(java.lang.Object, int, java.lang.Object)'> (0x0000000087fe9698) 
thrown [s\src\hotspot\share\interpreter\linkResolver.cpp, line 771]
Event: 14.679 Thread 0x000002a317cad160 Exception <a 'java/lang/NoSuchMethodError'{0x0000000087e0f608}: 'java.lang.Object java.lang.invoke.DirectMethodHandle$Holder.newInvokeSpecial(java.lang.Object, int, java.lang.Object, java.lang.Object)'> (0x0000000087e0f608) 
thrown [s\src\hotspot\share\interpreter\linkResolver.cpp, line 771]
Event: 15.301 Thread 0x000002a317cad160 Implicit null exception at 0x000002a322d117f6 to 0x000002a322d11a38

VM Operations (20 events):
Event: 15.098 Executing VM operation: HandshakeAllThreads
Event: 15.098 Executing VM operation: HandshakeAllThreads done
Event: 15.099 Executing VM operation: HandshakeAllThreads
Event: 15.099 Executing VM operation: HandshakeAllThreads done
Event: 15.106 Executing VM operation: HandshakeAllThreads
Event: 15.106 Executing VM operation: HandshakeAllThreads done
Event: 15.207 Executing VM operation: HandshakeAllThreads
Event: 15.207 Executing VM operation: HandshakeAllThreads done
Event: 15.224 Executing VM operation: HandshakeAllThreads
Event: 15.224 Executing VM operation: HandshakeAllThreads done
Event: 15.245 Executing VM operation: ICBufferFull
Event: 15.245 Executing VM operation: ICBufferFull done
Event: 15.254 Executing VM operation: G1CollectForAllocation
Event: 15.264 Executing VM operation: G1CollectForAllocation done
Event: 15.318 Executing VM operation: HandshakeAllThreads
Event: 15.318 Executing VM operation: HandshakeAllThreads done
Event: 15.422 Executing VM operation: HandshakeAllThreads
Event: 15.422 Executing VM operation: HandshakeAllThreads done
Event: 15.497 Executing VM operation: ICBufferFull
Event: 15.497 Executing VM operation: ICBufferFull done

Events (20 events):
Event: 13.676 Thread 0x000002a331b2d400 flushing nmethod 0x000002a31bc95410
Event: 13.676 Thread 0x000002a331b2d400 flushing nmethod 0x000002a31bc98810
Event: 13.676 Thread 0x000002a331b2d400 flushing nmethod 0x000002a31bc99a90
Event: 13.676 Thread 0x000002a331b2d400 flushing nmethod 0x000002a31bc9ba10
Event: 13.676 Thread 0x000002a331b2d400 flushing nmethod 0x000002a31bc9c690
Event: 13.676 Thread 0x000002a331b2d400 flushing nmethod 0x000002a31bca1590
Event: 13.676 Thread 0x000002a331b2d400 flushing nmethod 0x000002a31bcaa390
Event: 13.677 Thread 0x000002a331b2d400 flushing nmethod 0x000002a31bce9f10
Event: 13.677 Thread 0x000002a331b2d400 flushing nmethod 0x000002a31bceaf10
Event: 13.677 Thread 0x000002a331b2d400 flushing nmethod 0x000002a31bcf3d10
Event: 13.677 Thread 0x000002a331b2d400 flushing nmethod 0x000002a31bcf5010
Event: 13.677 Thread 0x000002a331b2d400 flushing nmethod 0x000002a31bcf5990
Event: 13.677 Thread 0x000002a331b2d400 flushing nmethod 0x000002a31bcf7d90
Event: 13.678 Thread 0x000002a331b2d400 flushing nmethod 0x000002a31be8c710
Event: 13.678 Thread 0x000002a331b2d400 flushing nmethod 0x000002a31beab110
Event: 14.137 loading class java/security/CodeSigner
Event: 14.137 loading class java/security/CodeSigner done
Event: 14.913 Thread 0x000002a3386ef3d0 Thread exited: 0x000002a3386ef3d0
Event: 14.990 Thread 0x000002a331b2d400 flushing nmethod 0x000002a31b461310
Event: 15.076 Thread 0x000002a3390e8070 Thread added: 0x000002a3390e8070


Dynamic libraries:
0x00007ff76bcd0000 - 0x00007ff76bcda000 	D:\Android\jbr\bin\java.exe
0x00007ffc70290000 - 0x00007ffc704a7000 	C:\WINDOWS\SYSTEM32\ntdll.dll
0x00007ffc6f670000 - 0x00007ffc6f734000 	C:\WINDOWS\System32\KERNEL32.DLL
0x00007ffc6d790000 - 0x00007ffc6db3c000 	C:\WINDOWS\System32\KERNELBASE.dll
0x00007ffc6dbb0000 - 0x00007ffc6dcc1000 	C:\WINDOWS\System32\ucrtbase.dll
0x00007ffc4b350000 - 0x00007ffc4b36b000 	D:\Android\jbr\bin\VCRUNTIME140.dll
0x00007ffc52460000 - 0x00007ffc52477000 	D:\Android\jbr\bin\jli.dll
0x00007ffc6f740000 - 0x00007ffc6f8ee000 	C:\WINDOWS\System32\USER32.dll
0x00007ffc6d5c0000 - 0x00007ffc6d5e6000 	C:\WINDOWS\System32\win32u.dll
0x00007ffc6e470000 - 0x00007ffc6e499000 	C:\WINDOWS\System32\GDI32.dll
0x00007ffc6ddf0000 - 0x00007ffc6df09000 	C:\WINDOWS\System32\gdi32full.dll
0x00007ffc6dcd0000 - 0x00007ffc6dd6a000 	C:\WINDOWS\System32\msvcp_win.dll
0x00007ffc580b0000 - 0x00007ffc58343000 	C:\WINDOWS\WinSxS\amd64_microsoft.windows.common-controls_6595b64144ccf1df_6.0.22621.3672_none_2713b9d173822955\COMCTL32.dll
0x00007ffc70080000 - 0x00007ffc70127000 	C:\WINDOWS\System32\msvcrt.dll
0x00007ffc70040000 - 0x00007ffc70071000 	C:\WINDOWS\System32\IMM32.DLL
0x00007ffc53a90000 - 0x00007ffc53a9c000 	D:\Android\jbr\bin\vcruntime140_1.dll
0x00007ffc35eb0000 - 0x00007ffc35f3d000 	D:\Android\jbr\bin\msvcp140.dll
0x00007ffc2ffd0000 - 0x00007ffc30c50000 	D:\Android\jbr\bin\server\jvm.dll
0x00007ffc70190000 - 0x00007ffc70242000 	C:\WINDOWS\System32\ADVAPI32.dll
0x00007ffc6f4c0000 - 0x00007ffc6f56a000 	C:\WINDOWS\System32\sechost.dll
0x00007ffc6d5f0000 - 0x00007ffc6d618000 	C:\WINDOWS\System32\bcrypt.dll
0x00007ffc6eac0000 - 0x00007ffc6ebd5000 	C:\WINDOWS\System32\RPCRT4.dll
0x00007ffc64590000 - 0x00007ffc645c4000 	C:\WINDOWS\SYSTEM32\WINMM.dll
0x00007ffc646d0000 - 0x00007ffc646d9000 	C:\WINDOWS\SYSTEM32\WSOCK32.dll
0x00007ffc6f440000 - 0x00007ffc6f4b1000 	C:\WINDOWS\System32\WS2_32.dll
0x00007ffc61b80000 - 0x00007ffc61b8a000 	C:\WINDOWS\SYSTEM32\VERSION.dll
0x00007ffc6c6e0000 - 0x00007ffc6c6f8000 	C:\WINDOWS\SYSTEM32\kernel.appcore.dll
0x00007ffc64be0000 - 0x00007ffc64bea000 	D:\Android\jbr\bin\jimage.dll
0x00007ffc6af50000 - 0x00007ffc6b182000 	C:\WINDOWS\SYSTEM32\DBGHELP.DLL
0x00007ffc6e0e0000 - 0x00007ffc6e468000 	C:\WINDOWS\System32\combase.dll
0x00007ffc6e8d0000 - 0x00007ffc6e9a7000 	C:\WINDOWS\System32\OLEAUT32.dll
0x00007ffc51280000 - 0x00007ffc512b2000 	C:\WINDOWS\SYSTEM32\dbgcore.DLL
0x00007ffc6dd70000 - 0x00007ffc6ddeb000 	C:\WINDOWS\System32\bcryptPrimitives.dll
0x00007ffc61950000 - 0x00007ffc61975000 	D:\Android\jbr\bin\java.dll
0x00007ffc60bc0000 - 0x00007ffc60bd8000 	D:\Android\jbr\bin\zip.dll
0x00007ffc6ebe0000 - 0x00007ffc6f43c000 	C:\WINDOWS\System32\SHELL32.dll
0x00007ffc6b520000 - 0x00007ffc6be17000 	C:\WINDOWS\SYSTEM32\windows.storage.dll
0x00007ffc6b3e0000 - 0x00007ffc6b51f000 	C:\WINDOWS\SYSTEM32\wintypes.dll
0x00007ffc6f570000 - 0x00007ffc6f664000 	C:\WINDOWS\System32\SHCORE.dll
0x00007ffc70130000 - 0x00007ffc7018e000 	C:\WINDOWS\System32\shlwapi.dll
0x00007ffc6d4f0000 - 0x00007ffc6d511000 	C:\WINDOWS\SYSTEM32\profapi.dll
0x00007ffc53ec0000 - 0x00007ffc53ed9000 	D:\Android\jbr\bin\net.dll
0x00007ffc65070000 - 0x00007ffc651a6000 	C:\WINDOWS\SYSTEM32\WINHTTP.dll
0x00007ffc6cb50000 - 0x00007ffc6cbb9000 	C:\WINDOWS\system32\mswsock.dll
0x00007ffc53ea0000 - 0x00007ffc53eb6000 	D:\Android\jbr\bin\nio.dll
0x00007ffc64bd0000 - 0x00007ffc64be0000 	D:\Android\jbr\bin\verify.dll

dbghelp: loaded successfully - version: 4.0.5 - missing functions: none
symbol engine: initialized successfully - sym options: 0x614 - pdb path: .;D:\Android\jbr\bin;C:\WINDOWS\SYSTEM32;C:\WINDOWS\WinSxS\amd64_microsoft.windows.common-controls_6595b64144ccf1df_6.0.22621.3672_none_2713b9d173822955;D:\Android\jbr\bin\server

VM Arguments:
java_command: org.jetbrains.kotlin.cli.jvm.K2JVMCompiler @D:\dela\app\build\20240628_17642968422699940978.compiler.options
java_class_path (initial): C:\Users\rt505\.gradle\caches\modules-2\files-2.1\org.jetbrains.kotlin\kotlin-compiler-embeddable\1.9.22\9cd4dc7773cf2a99ecd961a88fbbc9a2da3fb5e1\kotlin-compiler-embeddable-1.9.22.jar;C:\Users\rt505\.gradle\caches\modules-2\files-2.1\org.jetbrains.kotlin\kotlin-stdlib\1.9.22\d6c44cd08d8f3f9bece8101216dbe6553365c6e3\kotlin-stdlib-1.9.22.jar;C:\Users\rt505\.gradle\caches\modules-2\files-2.1\org.jetbrains.kotlin\kotlin-script-runtime\1.9.22\f8139a46fc677ec9badc49ae954392f4f5e7e7c7\kotlin-script-runtime-1.9.22.jar;C:\Users\rt505\.gradle\caches\modules-2\files-2.1\org.jetbrains.kotlin\kotlin-reflect\1.6.10\1cbe9c92c12a94eea200d23c2bbaedaf3daf5132\kotlin-reflect-1.6.10.jar;C:\Users\rt505\.gradle\caches\modules-2\files-2.1\org.jetbrains.kotlin\kotlin-daemon-embeddable\1.9.22\20e2c5df715f3240c765cfc222530e2796542021\kotlin-daemon-embeddable-1.9.22.jar;C:\Users\rt505\.gradle\caches\modules-2\files-2.1\org.jetbrains.intellij.deps\trove4j\1.0.20200330\3afb14d5f9ceb459d724e907a21145e8ff394f02\trove4j-1.0.20200330.jar;C:\Users\rt505\.gradle\caches\modules-2\files-2.1\org.jetbrains\annotations\13.0\919f0dfe192fb4e063e7dacadee7f8bb9a2672a9\annotations-13.0.jar
Launcher Type: SUN_STANDARD

[Global flags]
     intx CICompilerCount                          = 4                                         {product} {ergonomic}
     uint ConcGCThreads                            = 2                                         {product} {ergonomic}
     uint G1ConcRefinementThreads                  = 8                                         {product} {ergonomic}
   size_t G1HeapRegionSize                         = 1048576                                   {product} {ergonomic}
    uintx GCDrainStackTargetSize                   = 64                                        {product} {ergonomic}
   size_t InitialHeapSize                          = 132120576                                 {product} {ergonomic}
   size_t MarkStackSize                            = 4194304                                   {product} {ergonomic}
   size_t MaxHeapSize                              = 2099249152                                {product} {ergonomic}
   size_t MaxNewSize                               = 1259339776                                {product} {ergonomic}
   size_t MinHeapDeltaBytes                        = 1048576                                   {product} {ergonomic}
   size_t MinHeapSize                              = 8388608                                   {product} {ergonomic}
    uintx NonNMethodCodeHeapSize                   = 5839372                                {pd product} {ergonomic}
    uintx NonProfiledCodeHeapSize                  = 122909434                              {pd product} {ergonomic}
    uintx ProfiledCodeHeapSize                     = 122909434                              {pd product} {ergonomic}
    uintx ReservedCodeCacheSize                    = 251658240                              {pd product} {ergonomic}
     bool SegmentedCodeCache                       = true                                      {product} {ergonomic}
   size_t SoftMaxHeapSize                          = 2099249152                             {manageable} {ergonomic}
     bool UseCompressedClassPointers               = true                           {product lp64_product} {ergonomic}
     bool UseCompressedOops                        = true                           {product lp64_product} {ergonomic}
     bool UseG1GC                                  = true                                      {product} {ergonomic}
     bool UseLargePagesIndividualAllocation        = false                                  {pd product} {ergonomic}

Logging:
Log output configuration:
 #0: stdout all=warning uptime,level,tags
 #1: stderr all=off uptime,level,tags

Environment Variables:
PATH=C:\Program Files (x86)\NAT Service;C:\windows\system32;C:\windows;C:\windows\System32\Wbem;C:\windows\System32\WindowsPowerShell\v1.0\;C:\windows\System32\OpenSSH\;C:\Program Files (x86)\NVIDIA Corporation\PhysX\Common;C:\Program Files\NVIDIA Corporation\NVIDIA NvDLISR;C:\Program Files (x86)\GtkSharp\2.12\bin;C:\WINDOWS\system32;C:\WINDOWS;C:\WINDOWS\System32\Wbem;C:\WINDOWS\System32\WindowsPowerShell\v1.0\;C:\WINDOWS\System32\OpenSSH\;C:\Program Files\dotnet\;C:\Program Files\Microsoft SQL Server\120\Tools\Binn\;D:\Git\cmd;C:\Users\rt505\AppData\Local\Microsoft\WindowsApps;C:\Users\rt505\.dotnet\tools
USERNAME=rt505
OS=Windows_NT
PROCESSOR_IDENTIFIER=Intel64 Family 6 Model 166 Stepping 0, GenuineIntel
TMP=C:\Users\rt505\AppData\Local\Temp
TEMP=C:\Users\rt505\AppData\Local\Temp


JNI global refs:
JNI global refs: 11, weak refs: 40

JNI global refs memory usage: 843, weak refs: 841

OOME stack traces (most recent first):
Classloader memory used:
Loader jdk.internal.loader.ClassLoaders$AppClassLoader                                 : 6583K
Loader bootstrap                                                                       : 1294K
Loader jdk.internal.reflect.DelegatingClassLoader                                      : 3515B


---------------  S Y S T E M  ---------------

OS:
 Windows 11 , 64 bit Build 22621 (10.0.22621.3672)
OS uptime: 2 days 4:53 hours

CPU: total 8 (initial active 8) (4 cores per cpu, 2 threads per core) family 6 model 166 stepping 0 microcode 0xe0, cx8, cmov, fxsr, ht, mmx, 3dnowpref, sse, sse2, sse3, ssse3, sse4.1, sse4.2, popcnt, lzcnt, tsc, tscinvbit, avx, avx2, aes, erms, clmul, bmi1, bmi2, adx, fma, vzeroupper, clflush, clflushopt

Memory: 4k page, system-wide physical 8006M (424M free)
TotalPageFile size 32582M (AvailPageFile size 7M)
current process WorkingSet (physical memory assigned to process): 275M, peak: 278M
current process commit charge ("private bytes"): 311M, peak: 317M

vm_info: OpenJDK 64-Bit Server VM (17.0.7+0-b2043.56-10550314) for windows-amd64 JRE (17.0.7+0-b2043.56-10550314), built on Jul 24 2023 18:27:45 by "androidbuild" with MS VC++ 16.10 / 16.11 (VS2019)

END.
